

*******************************************************************************
Fri Oct 10 12:50:57 2014


FIT:    data read from "tiempos_ordenacion.dat"
        format = z
        #datapoints = 60
        residuals are weighted equally (unit weight)

function used for fitting: f(x)
fitted parameters initialized with current variable values



 Iteration 0
 WSSR        : 9.478e+18         delta(WSSR)/WSSR   : 0
 delta(WSSR) : 0                 limit for stopping : 1e-05
 lambda	  : 2.29458e+08

initial set of free parameter values

a               = 1
b               = 1
c               = 1

After 12 iterations the fit converged.
final sum of squares of residuals : 0.00385799
rel. change during last iteration : -1.06691e-10

degrees of freedom    (FIT_NDF)                        : 57
rms of residuals      (FIT_STDFIT) = sqrt(WSSR/ndf)    : 0.00822703
variance of residuals (reduced chisquare) = WSSR/ndf   : 6.7684e-05

Final set of parameters            Asymptotic Standard Error
=======================            ==========================

a               = 1.41303e-09      +/- 1.584e-11    (1.121%)
b               = -2.40574e-07     +/- 4.863e-07    (202.1%)
c               = 0.000601449      +/- 0.003125     (519.5%)


correlation matrix of the fit parameters:

               a      b      c      
a               1.000 
b              -0.968  1.000 
c               0.738 -0.861  1.000 


*******************************************************************************
Fri Oct 10 12:52:32 2014


FIT:    data read from "tiempos_ordenacion.dat"
        format = z
        #datapoints = 60
        residuals are weighted equally (unit weight)

function used for fitting: f(x)
fitted parameters initialized with current variable values



 Iteration 0
 WSSR        : 9.478e+18         delta(WSSR)/WSSR   : 0
 delta(WSSR) : 0                 limit for stopping : 1e-05
 lambda	  : 2.29458e+08

initial set of free parameter values

a               = 1
b               = 1
c               = 1

After 12 iterations the fit converged.
final sum of squares of residuals : 0.00385799
rel. change during last iteration : -1.06691e-10

degrees of freedom    (FIT_NDF)                        : 57
rms of residuals      (FIT_STDFIT) = sqrt(WSSR/ndf)    : 0.00822703
variance of residuals (reduced chisquare) = WSSR/ndf   : 6.7684e-05

Final set of parameters            Asymptotic Standard Error
=======================            ==========================

a               = 1.41303e-09      +/- 1.584e-11    (1.121%)
b               = -2.40574e-07     +/- 4.863e-07    (202.1%)
c               = 0.000601449      +/- 0.003125     (519.5%)


correlation matrix of the fit parameters:

               a      b      c      
a               1.000 
b              -0.968  1.000 
c               0.738 -0.861  1.000 


*******************************************************************************
Fri Oct 10 12:58:25 2014


FIT:    data read from "tiempos_ordenacion.dat"
        format = z
        #datapoints = 60
        residuals are weighted equally (unit weight)

function used for fitting: f(x)
fitted parameters initialized with current variable values



 Iteration 0
 WSSR        : 9.478e+18         delta(WSSR)/WSSR   : 0
 delta(WSSR) : 0                 limit for stopping : 1e-05
 lambda	  : 2.29458e+08

initial set of free parameter values

a               = 1
b               = 1
c               = 1

After 12 iterations the fit converged.
final sum of squares of residuals : 0.00385799
rel. change during last iteration : -1.06691e-10

degrees of freedom    (FIT_NDF)                        : 57
rms of residuals      (FIT_STDFIT) = sqrt(WSSR/ndf)    : 0.00822703
variance of residuals (reduced chisquare) = WSSR/ndf   : 6.7684e-05

Final set of parameters            Asymptotic Standard Error
=======================            ==========================

a               = 1.41303e-09      +/- 1.584e-11    (1.121%)
b               = -2.40574e-07     +/- 4.863e-07    (202.1%)
c               = 0.000601449      +/- 0.003125     (519.5%)


correlation matrix of the fit parameters:

               a      b      c      
a               1.000 
b              -0.968  1.000 
c               0.738 -0.861  1.000 


*******************************************************************************
Fri Oct 10 15:26:46 2014


FIT:    data read from "tiempos_multiplicacion.dat"
        format = z
        #datapoints = 20
        residuals are weighted equally (unit weight)

function used for fitting: f(x)
fitted parameters initialized with current variable values



 Iteration 0
 WSSR        : 2.16703e+20       delta(WSSR)/WSSR   : 0
 delta(WSSR) : 0                 limit for stopping : 1e-05
 lambda	  : 1.6449e+09

initial set of free parameter values

a               = 1
b               = 1
c               = 1
d               = 1

After 13 iterations the fit converged.
final sum of squares of residuals : 304.602
rel. change during last iteration : -4.48977e-12

degrees of freedom    (FIT_NDF)                        : 16
rms of residuals      (FIT_STDFIT) = sqrt(WSSR/ndf)    : 4.36322
variance of residuals (reduced chisquare) = WSSR/ndf   : 19.0377

Final set of parameters            Asymptotic Standard Error
=======================            ==========================

a               = 3.43338e-08      +/- 6.568e-09    (19.13%)
b               = -5.73586e-05     +/- 2.095e-05    (36.53%)
c               = 0.0309927        +/- 0.01918      (61.88%)
d               = -4.26177         +/- 4.766        (111.8%)


correlation matrix of the fit parameters:

               a      b      c      d      
a               1.000 
b              -0.988  1.000 
c               0.929 -0.974  1.000 
d              -0.732  0.807 -0.905  1.000 
